<?xml version="1.0" ?>
<!DOCTYPE coverage SYSTEM "http://cobertura.sourceforge.net/xml/coverage-04.dtd">
<coverage lines-valid="46" lines-covered="46" line-rate="1" branches-valid="0" branches-covered="0" branch-rate="1" timestamp="1600620744500" complexity="0" version="0.1">
  <sources>
    <source>C:\Users\Alejandro\Desktop\AyD1\Lab\Practica2\AyD1Practica2\backend</source>
  </sources>
  <packages>
    <class name="test.js" filename="test\test.js" line-rate="1" branch-rate="1">
      <methods>
        <method name="(anonymous_0)" hits="1" signature="()V">
          <lines>
            <line number="10" hits="1"/>
          </lines>
        </method>
        <method name="(anonymous_1)" hits="1" signature="()V">
          <lines>
            <line number="11" hits="1"/>
          </lines>
        </method>
        <method name="(anonymous_2)" hits="1" signature="()V">
          <lines>
            <line number="19" hits="1"/>
          </lines>
        </method>
        <method name="(anonymous_3)" hits="1" signature="()V">
          <lines>
            <line number="36" hits="1"/>
          </lines>
        </method>
        <method name="(anonymous_4)" hits="1" signature="()V">
          <lines>
            <line number="48" hits="1"/>
          </lines>
        </method>
        <method name="(anonymous_5)" hits="1" signature="()V">
          <lines>
            <line number="49" hits="1"/>
          </lines>
        </method>
        <method name="(anonymous_6)" hits="1" signature="()V">
          <lines>
            <line number="56" hits="1"/>
          </lines>
        </method>
        <method name="(anonymous_7)" hits="1" signature="()V">
          <lines>
            <line number="74" hits="1"/>
          </lines>
        </method>
        <method name="(anonymous_8)" hits="1" signature="()V">
          <lines>
            <line number="75" hits="1"/>
          </lines>
        </method>
        <method name="(anonymous_9)" hits="1" signature="()V">
          <lines>
            <line number="93" hits="1"/>
          </lines>
        </method>
        <method name="(anonymous_10)" hits="1" signature="()V">
          <lines>
            <line number="94" hits="1"/>
          </lines>
        </method>
        <method name="(anonymous_11)" hits="1" signature="()V">
          <lines>
            <line number="103" hits="1"/>
          </lines>
        </method>
        <method name="(anonymous_12)" hits="1" signature="()V">
          <lines>
            <line number="104" hits="1"/>
          </lines>
        </method>
        <method name="(anonymous_13)" hits="1" signature="()V">
          <lines>
            <line number="110" hits="1"/>
          </lines>
        </method>
      </methods>
      <lines>
        <line number="1" hits="1" branch="false"/>
        <line number="2" hits="1" branch="false"/>
        <line number="3" hits="1" branch="false"/>
        <line number="4" hits="1" branch="false"/>
        <line number="5" hits="1" branch="false"/>
        <line number="6" hits="1" branch="false"/>
        <line number="7" hits="1" branch="false"/>
        <line number="8" hits="1" branch="false"/>
        <line number="10" hits="1" branch="false"/>
        <line number="11" hits="1" branch="false"/>
        <line number="12" hits="1" branch="false"/>
        <line number="16" hits="1" branch="false"/>
        <line number="19" hits="1" branch="false"/>
        <line number="20" hits="1" branch="false"/>
        <line number="25" hits="1" branch="false"/>
        <line number="29" hits="1" branch="false"/>
        <line number="33" hits="1" branch="false"/>
        <line number="36" hits="1" branch="false"/>
        <line number="37" hits="1" branch="false"/>
        <line number="41" hits="1" branch="false"/>
        <line number="48" hits="1" branch="false"/>
        <line number="49" hits="1" branch="false"/>
        <line number="50" hits="1" branch="false"/>
        <line number="53" hits="1" branch="false"/>
        <line number="56" hits="1" branch="false"/>
        <line number="57" hits="1" branch="false"/>
        <line number="62" hits="1" branch="false"/>
        <line number="66" hits="1" branch="false"/>
        <line number="70" hits="1" branch="false"/>
        <line number="74" hits="1" branch="false"/>
        <line number="75" hits="1" branch="false"/>
        <line number="76" hits="1" branch="false"/>
        <line number="80" hits="1" branch="false"/>
        <line number="82" hits="1" branch="false"/>
        <line number="86" hits="1" branch="false"/>
        <line number="93" hits="1" branch="false"/>
        <line number="94" hits="1" branch="false"/>
        <line number="95" hits="1" branch="false"/>
        <line number="99" hits="1" branch="false"/>
        <line number="103" hits="1" branch="false"/>
        <line number="104" hits="1" branch="false"/>
        <line number="105" hits="1" branch="false"/>
        <line number="110" hits="1" branch="false"/>
        <line number="111" hits="1" branch="false"/>
        <line number="115" hits="1" branch="false"/>
      </lines>
    </class>
    <class name="usuarios.js" filename="test\usuarios.js" line-rate="1" branch-rate="1">
      <methods>
      </methods>
      <lines>
        <line number="2" hits="1" branch="false"/>
      </lines>
    </class>
  </packages>
</coverage>
